<?xml version="1.0" encoding="UTF-8"?>
<!-- Generated by org.testng.reporters.JUnitReportReporter -->
<testsuite hostname="krishna" failures="0" tests="1" name="practicePrgrams.DemoKrishna" time="0.010" errors="0" timestamp="2023-03-15T16:36:46 IST" skipped="0">
  <testcase classname="practicePrgrams.DemoKrishna" name="MacBook" time="0.010"/>
  <system-out/>
</testsuite> <!-- practicePrgrams.DemoKrishna -->
