<?xml version="1.0" encoding="UTF-8"?>
<!-- Generated by org.testng.reporters.JUnitReportReporter -->
<testsuite hostname="YatamPakkiraReddy" failures="0" tests="2" name="practicePrgrams.DataProviderPractice" time="0.008" errors="0" timestamp="2023-01-17T16:45:43 IST" skipped="0">
  <testcase classname="practicePrgrams.DataProviderPractice" name="dataproviderTest" time="0.007"/>
  <system-out/>
  <testcase classname="practicePrgrams.DataProviderPractice" name="dataproviderTest" time="0.001"/>
  <system-out/>
</testsuite> <!-- practicePrgrams.DataProviderPractice -->
