<?xml version="1.0" encoding="UTF-8"?>
<!-- Generated by org.testng.reporters.JUnitReportReporter -->
<testsuite hostname="YatamPakkiraReddy" failures="0" tests="1" name="practiceCRUDOperation.Serialization" time="0.189" errors="0" timestamp="2023-03-22T21:52:08 IST" skipped="0">
  <testcase classname="practiceCRUDOperation.Serialization" name="serializTest" time="0.189"/>
  <system-out/>
</testsuite> <!-- practiceCRUDOperation.Serialization -->
