<?xml version="1.0" encoding="UTF-8"?>
<!-- Generated by org.testng.reporters.JUnitReportReporter -->
<testsuite hostname="YatamPakkiraReddy" failures="0" tests="2" name="gitPractice.DataProviderPractice" time="0.006" errors="0" timestamp="2023-03-16T21:47:41 IST" skipped="0">
  <testcase classname="gitPractice.DataProviderPractice" name="dataprovider" time="0.001"/>
  <system-out/>
  <testcase classname="gitPractice.DataProviderPractice" name="dataprovider" time="0.005"/>
  <system-out/>
</testsuite> <!-- gitPractice.DataProviderPractice -->
