<?xml version="1.0" encoding="UTF-8"?>
<!-- Generated by org.testng.reporters.JUnitReportReporter -->
<testsuite hostname="YatamPakkiraReddy" failures="0" tests="1" name="practiceCRUDOperation.Deserialization" time="0.203" errors="0" timestamp="2023-03-22T22:26:06 IST" skipped="0">
  <testcase classname="practiceCRUDOperation.Deserialization" name="getEmployeede" time="0.203"/>
  <system-out/>
</testsuite> <!-- practiceCRUDOperation.Deserialization -->
