<?xml version="1.0" encoding="UTF-8"?>
<!-- Generated by org.testng.reporters.JUnitReportReporter -->
<testsuite hostname="YatamPakkiraReddy" failures="0" tests="1" name="StringPrograms" time="0.006" errors="0" timestamp="2023-03-27T12:45:15 IST" skipped="0">
  <testcase classname="StringPrograms" name="frequencyWord" time="0.006"/>
  <system-out/>
</testsuite> <!-- StringPrograms -->
