<?xml version="1.0" encoding="UTF-8"?>
<!-- Generated by org.testng.reporters.JUnitReportReporter -->
<testsuite hostname="YatamPakkiraReddy" failures="0" tests="1" name="practicePrgrams.ReadDataFromExcelSheet" time="0.494" errors="0" timestamp="2023-02-09T20:54:19 IST" skipped="0">
  <testcase classname="practicePrgrams.ReadDataFromExcelSheet" name="readDataFromExcel" time="0.494"/>
  <system-out/>
</testsuite> <!-- practicePrgrams.ReadDataFromExcelSheet -->
