<?xml version="1.0" encoding="UTF-8"?>
<!-- Generated by org.testng.reporters.JUnitReportReporter -->
<testsuite hostname="YatamPakkiraReddy" failures="0" tests="1" name="practiceCRUDOperation.CookiesPractice" time="1.636" errors="0" timestamp="2023-03-28T13:00:33 IST" skipped="0">
  <testcase classname="practiceCRUDOperation.CookiesPractice" name="studentsApi" time="1.636"/>
  <system-out/>
</testsuite> <!-- practiceCRUDOperation.CookiesPractice -->
