<?xml version="1.0" encoding="UTF-8"?>
<!-- Generated by org.testng.reporters.JUnitReportReporter -->
<testsuite hostname="YatamPakkiraReddy" failures="0" tests="1" name="practiceCRUDOperation.CreateUserUsingBDD" time="2.143" errors="0" timestamp="2023-03-26T18:32:02 IST" skipped="0">
  <testcase classname="practiceCRUDOperation.CreateUserUsingBDD" name="creteUser" time="2.143"/>
  <system-out/>
</testsuite> <!-- practiceCRUDOperation.CreateUserUsingBDD -->
