<?xml version="1.0" encoding="UTF-8"?>
<!-- Generated by org.testng.reporters.JUnitReportReporter -->
<testsuite hostname="YatamPakkiraReddy" failures="0" tests="1" name="practiceCRUDOperation.PathQueryParameter" time="2.611" errors="0" timestamp="2023-03-27T19:54:57 IST" skipped="0">
  <testcase classname="practiceCRUDOperation.PathQueryParameter" name="pathAndQueryParamTest" time="2.611"/>
  <system-out/>
</testsuite> <!-- practiceCRUDOperation.PathQueryParameter -->
