<?xml version="1.0" encoding="UTF-8"?>
<!-- Generated by org.testng.reporters.JUnitReportReporter -->
<testsuite hostname="YatamPakkiraReddy" failures="0" tests="1" name="practicePrgrams.PrimeNumber" time="0.009" errors="0" timestamp="2023-01-18T13:06:05 IST" skipped="0">
  <testcase classname="practicePrgrams.PrimeNumber" name="prime" time="0.009"/>
  <system-out/>
</testsuite> <!-- practicePrgrams.PrimeNumber -->
