<?xml version="1.0" encoding="UTF-8"?>
<!-- Generated by org.testng.reporters.JUnitReportReporter -->
<testsuite hostname="YatamPakkiraReddy" failures="0" tests="1" name="verificationLinks.VerifyingLinks" time="13.363" errors="0" timestamp="2023-04-19T20:15:03 IST" skipped="0">
  <testcase classname="verificationLinks.VerifyingLinks" name="verifyLinks" time="13.363"/>
  <system-out/>
</testsuite> <!-- verificationLinks.VerifyingLinks -->
