<?xml version="1.0" encoding="UTF-8"?>
<!-- Generated by org.testng.reporters.JUnitReportReporter -->
<testsuite hostname="YatamPakkiraReddy" failures="0" tests="1" name="acttime_Scripts.CreateNewCustomer" time="19.150" errors="0" timestamp="2023-04-05T11:39:47 IST" skipped="0">
  <testcase classname="acttime_Scripts.CreateNewCustomer" name="createNewCustomerTest" time="19.150"/>
  <system-out/>
</testsuite> <!-- acttime_Scripts.CreateNewCustomer -->
