<?xml version="1.0" encoding="UTF-8"?>
<!-- Generated by org.testng.reporters.JUnitReportReporter -->
<testsuite hostname="YatamPakkiraReddy" failures="0" tests="1" name="javaBasicPrograms.PrimeNumber" time="5.298" errors="0" timestamp="2023-01-18T17:53:12 IST" skipped="0">
  <testcase classname="javaBasicPrograms.PrimeNumber" name="prime" time="5.298"/>
  <system-out/>
</testsuite> <!-- javaBasicPrograms.PrimeNumber -->
