<?xml version="1.0" encoding="UTF-8"?>
<!-- Generated by org.testng.reporters.JUnitReportReporter -->
<testsuite hostname="YatamPakkiraReddy" failures="0" tests="1" name="javaStringPrograms.StringPrograms" time="0.006" errors="0" timestamp="2023-03-30T23:13:51 IST" skipped="0">
  <testcase classname="javaStringPrograms.StringPrograms" name="frequencyLetter" time="0.006"/>
  <system-out/>
</testsuite> <!-- javaStringPrograms.StringPrograms -->
