<?xml version="1.0" encoding="UTF-8"?>
<!-- Generated by org.testng.reporters.JUnitReportReporter -->
<testsuite hostname="YatamPakkiraReddy" failures="0" tests="1" name="practicePrgrams.WriteDataIntoExcelSheet" time="0.608" errors="0" timestamp="2023-02-09T21:15:05 IST" skipped="0">
  <testcase classname="practicePrgrams.WriteDataIntoExcelSheet" name="writeDataIntoExcelSheet" time="0.608"/>
  <system-out/>
</testsuite> <!-- practicePrgrams.WriteDataIntoExcelSheet -->
