<?xml version="1.0" encoding="UTF-8"?>
<!-- Generated by org.testng.reporters.JUnitReportReporter -->
<testsuite hostname="YatamPakkiraReddy" failures="0" tests="1" name="practiceCRUDOperation.CreateUserUsingJsonFile" time="5.200" errors="0" timestamp="2023-01-31T21:51:31 IST" skipped="0">
  <testcase classname="practiceCRUDOperation.CreateUserUsingJsonFile" name="createUser" time="5.200"/>
  <system-out/>
</testsuite> <!-- practiceCRUDOperation.CreateUserUsingJsonFile -->
