<?xml version="1.0" encoding="UTF-8"?>
<!-- Generated by org.testng.reporters.JUnitReportReporter -->
<testsuite hostname="YatamPakkiraReddy" failures="0" tests="1" name="practicePrgrams.ReadDataFromExcel" time="0.559" errors="0" timestamp="2023-01-18T12:08:42 IST" skipped="0">
  <testcase classname="practicePrgrams.ReadDataFromExcel" name="readDataFromExcel" time="0.559"/>
  <system-out/>
</testsuite> <!-- practicePrgrams.ReadDataFromExcel -->
