<?xml version="1.0" encoding="UTF-8"?>
<!-- Generated by org.testng.reporters.JUnitReportReporter -->
<testsuite hostname="YatamPakkiraReddy" failures="0" tests="2" name="acttime_Scripts.ActiTime" time="69.038" errors="0" timestamp="2023-04-01T11:52:48 IST" skipped="0">
  <testcase classname="acttime_Scripts.ActiTime" name="login" time="26.245"/>
  <system-out/>
  <testcase classname="acttime_Scripts.ActiTime" name="login" time="42.793"/>
  <system-out/>
</testsuite> <!-- acttime_Scripts.ActiTime -->
