<?xml version="1.0" encoding="UTF-8"?>
<!-- Generated by org.testng.reporters.JUnitReportReporter -->
<testsuite hostname="YatamPakkiraReddy" failures="0" tests="1" name="practicePrgrams.ReadDataFromPropertyFile" time="0.006" errors="0" timestamp="2023-02-09T20:46:54 IST" skipped="0">
  <testcase classname="practicePrgrams.ReadDataFromPropertyFile" name="readDataFromProperty" time="0.006"/>
  <system-out/>
</testsuite> <!-- practicePrgrams.ReadDataFromPropertyFile -->
