<?xml version="1.0" encoding="UTF-8"?>
<!-- Generated by org.testng.reporters.JUnitReportReporter -->
<testsuite hostname="YatamPakkiraReddy" failures="0" tests="1" name="javaProgramsPractice.AllBasicPrograms" time="0.005" errors="0" timestamp="2023-04-11T18:23:18 IST" skipped="0">
  <testcase classname="javaProgramsPractice.AllBasicPrograms" name="charcters" time="0.005"/>
  <system-out/>
</testsuite> <!-- javaProgramsPractice.AllBasicPrograms -->
