<?xml version="1.0" encoding="UTF-8"?>
<!-- Generated by org.testng.reporters.JUnitReportReporter -->
<testsuite hostname="krishna" failures="0" tests="1" name="practicePrgrams.Abc123" time="0.012" errors="0" timestamp="2023-03-15T17:49:14 IST" skipped="0">
  <testcase classname="practicePrgrams.Abc123" name="Run" time="0.012"/>
  <system-out/>
</testsuite> <!-- practicePrgrams.Abc123 -->
