<?xml version="1.0" encoding="UTF-8"?>
<!-- Generated by org.testng.reporters.JUnitReportReporter -->
<testsuite hostname="YatamPakkiraReddy" failures="0" tests="1" name="javaBasicPrograms.BubbleSorting" time="0.005" errors="0" timestamp="2023-04-11T18:37:59 IST" skipped="0">
  <testcase classname="javaBasicPrograms.BubbleSorting" name="bubbleSort" time="0.005"/>
  <system-out/>
</testsuite> <!-- javaBasicPrograms.BubbleSorting -->
