<?xml version="1.0" encoding="UTF-8"?>
<!-- Generated by org.testng.reporters.JUnitReportReporter -->
<testsuite hostname="krishna" failures="0" tests="1" name="practicePrgrams.Sum" time="0.010" errors="0" timestamp="2023-03-15T17:09:53 IST" skipped="0">
  <testcase classname="practicePrgrams.Sum" name="TotalSum" time="0.010"/>
  <system-out/>
</testsuite> <!-- practicePrgrams.Sum -->
