<?xml version="1.0" encoding="UTF-8"?>
<!-- Generated by org.testng.reporters.JUnitReportReporter -->
<testsuite hostname="krishna" failures="0" tests="1" name="practicePrgrams.Prog16" time="0.011" errors="0" timestamp="2023-03-16T10:56:34 IST" skipped="0">
  <testcase classname="practicePrgrams.Prog16" name="Withdrawl" time="0.011"/>
  <system-out/>
</testsuite> <!-- practicePrgrams.Prog16 -->
