<?xml version="1.0" encoding="UTF-8"?>
<!-- Generated by org.testng.reporters.JUnitReportReporter -->
<testsuite hostname="YatamPakkiraReddy" failures="0" tests="1" name="practicePrgrams.RandomNumberPractice" time="0.010" errors="0" timestamp="2023-01-18T12:39:33 IST" skipped="0">
  <testcase classname="practicePrgrams.RandomNumberPractice" name="getRandomNumber" time="0.010"/>
  <system-out/>
</testsuite> <!-- practicePrgrams.RandomNumberPractice -->
