<?xml version="1.0" encoding="UTF-8"?>
<!-- Generated by org.testng.reporters.JUnitReportReporter -->
<testsuite hostname="YatamPakkiraReddy" failures="0" tests="1" name="gitPractice.Demo" time="0.025" errors="0" timestamp="2023-01-17T11:23:06 IST" skipped="0">
  <testcase classname="gitPractice.Demo" name="demo" time="0.025"/>
  <system-out/>
</testsuite> <!-- gitPractice.Demo -->
