<?xml version="1.0" encoding="UTF-8"?>
<!-- Generated by org.testng.reporters.JUnitReportReporter -->
<testsuite hostname="YatamPakkiraReddy" failures="0" tests="1" name="javaProgramsPractice.Swapping" time="0.008" errors="0" timestamp="2023-03-26T21:27:32 IST" skipped="0">
  <testcase classname="javaProgramsPractice.Swapping" name="swapping" time="0.008"/>
  <system-out/>
</testsuite> <!-- javaProgramsPractice.Swapping -->
