<?xml version="1.0" encoding="UTF-8"?>
<!-- Generated by org.testng.reporters.JUnitReportReporter -->
<testsuite hostname="YatamPakkiraReddy" failures="0" tests="1" name="practiceCRUDOperation.CreateUser" time="2.469" errors="0" timestamp="2023-03-20T14:27:56 IST" skipped="0">
  <testcase classname="practiceCRUDOperation.CreateUser" name="createUserpost" time="2.469"/>
  <system-out/>
</testsuite> <!-- practiceCRUDOperation.CreateUser -->
