<?xml version="1.0" encoding="UTF-8"?>
<!-- Generated by org.testng.reporters.JUnitReportReporter -->
<testsuite hostname="YatamPakkiraReddy" failures="0" tests="1" name="practicePrgrams.GitHubStorage" time="0.006" errors="0" timestamp="2023-01-19T14:36:50 IST" skipped="0">
  <testcase classname="practicePrgrams.GitHubStorage" name="ram" time="0.006"/>
  <system-out/>
</testsuite> <!-- practicePrgrams.GitHubStorage -->
