<?xml version="1.0" encoding="UTF-8"?>
<!-- Generated by org.testng.reporters.JUnitReportReporter -->
<testsuite hostname="YatamPakkiraReddy" failures="0" tests="1" name="verificationLinks.VerifyLinks" time="41.811" errors="0" timestamp="2023-04-19T22:58:40 IST" skipped="0">
  <testcase classname="verificationLinks.VerifyLinks" name="verification" time="41.811"/>
  <system-out/>
</testsuite> <!-- verificationLinks.VerifyLinks -->
