<?xml version="1.0" encoding="UTF-8"?>
<!-- Generated by org.testng.reporters.JUnitReportReporter -->
<testsuite hostname="krishna" failures="0" tests="1" name="practicePrgrams.Xyz999" time="0.011" errors="0" timestamp="2023-03-15T18:47:05 IST" skipped="0">
  <testcase classname="practicePrgrams.Xyz999" name="name" time="0.011"/>
  <system-out/>
</testsuite> <!-- practicePrgrams.Xyz999 -->
