<?xml version="1.0" encoding="UTF-8"?>
<!-- Generated by org.testng.reporters.JUnitReportReporter -->
<testsuite hostname="YatamPakkiraReddy" failures="0" tests="1" name="practiceCRUDOperation.PostRequestJsonServer" time="2.213" errors="0" timestamp="2023-03-28T15:11:10 IST" skipped="0">
  <testcase classname="practiceCRUDOperation.PostRequestJsonServer" name="createDataByUsingPost" time="2.213"/>
  <system-out/>
</testsuite> <!-- practiceCRUDOperation.PostRequestJsonServer -->
