<?xml version="1.0" encoding="UTF-8"?>
<!-- Generated by org.testng.reporters.JUnitReportReporter -->
<testsuite hostname="YatamPakkiraReddy" failures="0" tests="1" name="practiceCRUDOperation.JsonServer" time="1.670" errors="0" timestamp="2023-03-28T15:28:33 IST" skipped="0">
  <testcase classname="practiceCRUDOperation.JsonServer" name="getData" time="1.670"/>
  <system-out/>
</testsuite> <!-- practiceCRUDOperation.JsonServer -->
