<?xml version="1.0" encoding="UTF-8"?>
<!-- Generated by org.testng.reporters.JUnitReportReporter -->
<testsuite hostname="YatamPakkiraReddy" failures="0" tests="1" name="practicePrgrams.RandomNumberPractice" time="0.007" errors="0" timestamp="2023-02-09T21:18:59 IST" skipped="0">
  <testcase classname="practicePrgrams.RandomNumberPractice" name="getRandomNumber" time="0.007"/>
  <system-out/>
</testsuite> <!-- practicePrgrams.RandomNumberPractice -->
