<?xml version="1.0" encoding="UTF-8"?>
<!-- Generated by org.testng.reporters.JUnitReportReporter -->
<testsuite hostname="YatamPakkiraReddy" failures="0" tests="1" name="practiceCRUDOperation.ReqressCRUDoperation" time="2.364" errors="0" timestamp="2023-03-25T20:00:43 IST" skipped="0">
  <testcase classname="practiceCRUDOperation.ReqressCRUDoperation" name="deleteUser" time="2.364"/>
  <system-out/>
</testsuite> <!-- practiceCRUDOperation.ReqressCRUDoperation -->
