<?xml version="1.0" encoding="UTF-8"?>
<!-- Generated by org.testng.reporters.JUnitReportReporter -->
<testsuite hostname="YatamPakkiraReddy" failures="0" tests="1" name="gitPractice.Demo1" time="0.007" errors="0" timestamp="2023-01-17T12:12:20 IST" skipped="0">
  <testcase classname="gitPractice.Demo1" name="demo1" time="0.007"/>
  <system-out/>
</testsuite> <!-- gitPractice.Demo1 -->
