<?xml version="1.0" encoding="UTF-8"?>
<!-- Generated by org.testng.reporters.JUnitReportReporter -->
<testsuite hostname="YatamPakkiraReddy" failures="0" tests="1" name="javaStringPrograms.ArrayPrograms" time="0.005" errors="0" timestamp="2023-03-30T11:36:00 IST" skipped="0">
  <testcase classname="javaStringPrograms.ArrayPrograms" name="bubbleSorting" time="0.005"/>
  <system-out/>
</testsuite> <!-- javaStringPrograms.ArrayPrograms -->
